  main.cpp
C:\Users\HongSeokOh\source\repos\LanedetectProject\LanedetectProject\main.cpp(138,19): warning C4244: '인수': 'float'에서 '_Tp'(으)로 변환하면서 데이터가 손실될 수 있습니다.
          with
          [
              _Tp=int
          ]
C:\Users\HongSeokOh\source\repos\LanedetectProject\LanedetectProject\main.cpp(138,38): warning C4244: '인수': 'float'에서 '_Tp'(으)로 변환하면서 데이터가 손실될 수 있습니다.
          with
          [
              _Tp=int
          ]
C:\Users\HongSeokOh\source\repos\LanedetectProject\LanedetectProject\main.cpp(155,19): warning C4244: '인수': 'float'에서 '_Tp'(으)로 변환하면서 데이터가 손실될 수 있습니다.
          with
          [
              _Tp=int
          ]
C:\Users\HongSeokOh\source\repos\LanedetectProject\LanedetectProject\main.cpp(155,39): warning C4244: '인수': 'float'에서 '_Tp'(으)로 변환하면서 데이터가 손실될 수 있습니다.
          with
          [
              _Tp=int
          ]
C:\Users\HongSeokOh\source\repos\LanedetectProject\LanedetectProject\main.cpp(174,54): warning C4244: '=': 'double'에서 'float'(으)로 변환하면서 데이터가 손실될 수 있습니다.
C:\Users\HongSeokOh\source\repos\LanedetectProject\LanedetectProject\main.cpp(175,57): warning C4244: '=': 'double'에서 'float'(으)로 변환하면서 데이터가 손실될 수 있습니다.
C:\Users\HongSeokOh\source\repos\LanedetectProject\LanedetectProject\main.cpp(179,27): warning C4244: '인수': 'float'에서 '_Tp'(으)로 변환하면서 데이터가 손실될 수 있습니다.
          with
          [
              _Tp=int
          ]
C:\Users\HongSeokOh\source\repos\LanedetectProject\LanedetectProject\main.cpp(179,23): warning C4244: '인수': 'float'에서 '_Tp'(으)로 변환하면서 데이터가 손실될 수 있습니다.
          with
          [
              _Tp=int
          ]
C:\Users\HongSeokOh\source\repos\LanedetectProject\LanedetectProject\main.cpp(232,55): warning C4244: '인수': 'float'에서 '_Tp'(으)로 변환하면서 데이터가 손실될 수 있습니다.
          with
          [
              _Tp=int
          ]
C:\Users\HongSeokOh\source\repos\LanedetectProject\LanedetectProject\main.cpp(236,55): warning C4244: '인수': 'double'에서 '_Tp'(으)로 변환하면서 데이터가 손실될 수 있습니다.
          with
          [
              _Tp=int
          ]
C:\Users\HongSeokOh\source\repos\LanedetectProject\LanedetectProject\main.cpp(249,30): warning C4244: '=': 'float'에서 'int'(으)로 변환하면서 데이터가 손실될 수 있습니다.
C:\Users\HongSeokOh\source\repos\LanedetectProject\LanedetectProject\main.cpp(251,34): warning C4244: '인수': 'float'에서 '_Tp'(으)로 변환하면서 데이터가 손실될 수 있습니다.
          with
          [
              _Tp=int
          ]
C:\Users\HongSeokOh\source\repos\LanedetectProject\LanedetectProject\main.cpp(263,15): warning C4244: 'return': 'float'에서 'int'(으)로 변환하면서 데이터가 손실될 수 있습니다.
  코드를 생성하고 있습니다.
  0 of 553 functions ( 0.0%) were compiled, the rest were copied from previous compilation.
    0 functions were new in current compilation
    0 functions had inline decision re-evaluated but remain unchanged
  코드를 생성했습니다.
  LanedetectProject.vcxproj -> C:\Users\HongSeokOh\source\repos\LanedetectProject\x64\Release\LanedetectProject.exe
